<?xml version="1.0" encoding="utf-8"?><testsuites name="pytest tests"><testsuite name="pytest" errors="0" failures="0" skipped="0" tests="26" time="3.628" timestamp="2026-04-28T18:14:40.757231+00:00" hostname="agent-env-4b703e67-e8da-4c2e-92c8-106ab2ed5d3e"><testcase classname="backend.tests.backend_test.TestMenu" name="test_list_menu_seeded" time="0.234" /><testcase classname="backend.tests.backend_test.TestMenu" name="test_filter_by_category[potatoes]" time="0.059" /><testcase classname="backend.tests.backend_test.TestMenu" name="test_filter_by_category[rolls]" time="0.054" /><testcase classname="backend.tests.backend_test.TestMenu" name="test_filter_by_category[momos]" time="0.055" /><testcase classname="backend.tests.backend_test.TestMenu" name="test_filter_by_category[chowmein]" time="0.053" /><testcase classname="backend.tests.backend_test.TestMenu" name="test_filter_by_category[rice]" time="0.052" /><testcase classname="backend.tests.backend_test.TestMenu" name="test_filter_by_category[main-course]" time="0.050" /><testcase classname="backend.tests.backend_test.TestMenu" name="test_filter_by_category[chopsy]" time="0.051" /><testcase classname="backend.tests.backend_test.TestMenu" name="test_create_update_delete_menu" time="0.250" /><testcase classname="backend.tests.backend_test.TestOrders" name="test_create_order_cod_low_subtotal" time="0.162" /><testcase classname="backend.tests.backend_test.TestOrders" name="test_create_order_online_high_subtotal_free_delivery" time="0.053" /><testcase classname="backend.tests.backend_test.TestOrders" name="test_invalid_item_400" time="0.050" /><testcase classname="backend.tests.backend_test.TestOrders" name="test_empty_cart_400" time="0.052" /><testcase classname="backend.tests.backend_test.TestOrders" name="test_list_orders_sorted" time="0.065" /><testcase classname="backend.tests.backend_test.TestOrders" name="test_status_update_valid_invalid" time="0.302" /><testcase classname="backend.tests.backend_test.TestCheckout" name="test_checkout_session_and_status" time="0.976" /><testcase classname="backend.tests.backend_test.TestAdmin" name="test_admin_login_wrong" time="0.054" /><testcase classname="backend.tests.backend_test.TestAdmin" name="test_admin_login_correct" time="0.059" /><testcase classname="backend.tests.backend_test.TestSettings" name="test_get_settings_defaults" time="0.049" /><testcase classname="backend.tests.backend_test.TestSettings" name="test_update_settings_individual_fields" time="0.312" /><testcase classname="backend.tests.backend_test.TestSettings" name="test_update_settings_empty_400" time="0.048" /><testcase classname="backend.tests.backend_test.TestUPIOrder" name="test_create_order_upi_awaiting_payment" time="0.101" /><testcase classname="backend.tests.backend_test.TestUPIOrder" name="test_create_order_cod_status_unchanged" time="0.061" /><testcase classname="backend.tests.backend_test.TestUPIOrder" name="test_utr_short_400" time="0.111" /><testcase classname="backend.tests.backend_test.TestUPIOrder" name="test_utr_valid_marks_paid_and_preparing" time="0.152" /><testcase classname="backend.tests.backend_test.TestUPIOrder" name="test_utr_non_existent_order_404" time="0.055" /></testsuite></testsuites>