<?xml version="1.0" encoding="utf-8"?><testsuites name="pytest tests"><testsuite name="pytest" errors="0" failures="1" skipped="0" tests="18" time="2.909" timestamp="2026-04-28T16:51:08.348498+00:00" hostname="agent-env-4b703e67-e8da-4c2e-92c8-106ab2ed5d3e"><testcase classname="backend.tests.backend_test.TestMenu" name="test_list_menu_seeded" time="0.261" /><testcase classname="backend.tests.backend_test.TestMenu" name="test_filter_by_category[potatoes]" time="0.055" /><testcase classname="backend.tests.backend_test.TestMenu" name="test_filter_by_category[rolls]" time="0.055" /><testcase classname="backend.tests.backend_test.TestMenu" name="test_filter_by_category[momos]" time="0.051" /><testcase classname="backend.tests.backend_test.TestMenu" name="test_filter_by_category[chowmein]" time="0.050" /><testcase classname="backend.tests.backend_test.TestMenu" name="test_filter_by_category[rice]" time="0.049" /><testcase classname="backend.tests.backend_test.TestMenu" name="test_filter_by_category[main-course]" time="0.047" /><testcase classname="backend.tests.backend_test.TestMenu" name="test_filter_by_category[chopsy]" time="0.054" /><testcase classname="backend.tests.backend_test.TestMenu" name="test_create_update_delete_menu" time="0.249" /><testcase classname="backend.tests.backend_test.TestOrders" name="test_create_order_cod_low_subtotal" time="0.162" /><testcase classname="backend.tests.backend_test.TestOrders" name="test_create_order_online_high_subtotal_free_delivery" time="0.055" /><testcase classname="backend.tests.backend_test.TestOrders" name="test_invalid_item_400" time="0.047" /><testcase classname="backend.tests.backend_test.TestOrders" name="test_empty_cart_400" time="0.052" /><testcase classname="backend.tests.backend_test.TestOrders" name="test_list_orders_sorted" time="0.051" /><testcase classname="backend.tests.backend_test.TestOrders" name="test_status_update_valid_invalid" time="0.327" /><testcase classname="backend.tests.backend_test.TestCheckout" name="test_checkout_session_and_status" time="1.090"><failure message="assert 500 == 200&#10; +  where 500 = &lt;Response [500]&gt;.status_code">backend/tests/backend_test.py:188: in test_checkout_session_and_status
    assert r2.status_code == 200
E   assert 500 == 200
E    +  where 500 = &lt;Response [500]&gt;.status_code</failure></testcase><testcase classname="backend.tests.backend_test.TestAdmin" name="test_admin_login_wrong" time="0.053" /><testcase classname="backend.tests.backend_test.TestAdmin" name="test_admin_login_correct" time="0.050" /></testsuite></testsuites>